// XD Shell 1.1.0.RELEASE log opened at 2015-03-10 16:07:15
module list
module delete --name processor:translator 
module list
// [failed] module upload --name translator --type processor target\translator-0.0.1-SNAPSHOT.jar
module upload --name translator --type processor target/translator-0.0.1-SNAPSHOT.jar
stream create --name lang-trans --definition "http | translator | log"
http post --data "hello world"
stream deploy --name lang-trans 
http post --data "hello world"
stream destroy --name lang-trans 
stream create --name lang-trans --definition "http | translator --language=american-teenager | log"
http post --data "hello world"
stream deploy --name lang-trans 
http post --data "hello world"
stream destroy --name lang-trans 
// [failed] module delete --name processor:translator 
exit
// XD Shell 1.1.0.RELEASE log closed at 2015-03-10 16:32:04
// XD Shell 1.1.0.RELEASE log opened at 2015-03-10 16:32:31
module delete --name processor:translator 
module upload --name lang-tran --type processor target/translator-0.0.1-SNAPSHOT.jar
// [failed] stream create --name lang-trans --definition "http | translator --language=american-teenager | log"
// [failed] stream create --name mytrans --definition "http | lang-trans --language=american-teenager | log" --deploy
stream create --name mytrans --definition "http | lang-tran --language=american-teenager | log" --deploy
http post --data "Hello world"
stream destroy --name mytrans 
// [failed] module delete --name processor:lang-tran 
// [failed] module delete --name processor:lang-tran 
module delete --name processor:lang-tran 
module upload --name translator --type processor target/translator-0.0.1-SNAPSHOT.jar
stream create --name lang-trans --definition "http | translator --language=american-teenager | log" --deploy
http post --data "Hello world"
stream destroy --name lang-trans 
module delete --name processor:translator
module upload --name translator --type processor target/translator-0.0.1-SNAPSHOT.jar
stream create --name lang-trans --definition "http | translator | log" --deploy
module list
exit
// XD Shell 1.1.0.RELEASE log closed at 2015-03-10 18:44:54
